May 10th 2020, 10:40:58 pm: Accessing /
May 10th 2020, 10:40:59 pm: Accessing /assets/js/index.js
May 10th 2020, 10:41:00 pm: Reading database /home/mboruc/bcs/notetaker/db/db.json
May 10th 2020, 10:41:03 pm: Accessing /
May 10th 2020, 10:41:03 pm: Accessing /assets/js/index.js
May 10th 2020, 10:41:03 pm: Reading database /home/mboruc/bcs/notetaker/db/db.json
May 10th 2020, 10:41:06 pm: Accessing /notes
May 10th 2020, 10:41:06 pm: Accessing /assets/css/styles.css
May 10th 2020, 10:41:06 pm: Accessing /assets/js/index.js
May 10th 2020, 10:41:06 pm: Reading database /home/mboruc/bcs/notetaker/db/db.json
May 10th 2020, 10:41:13 pm: Reading database /home/mboruc/bcs/notetaker/db/db.json
May 10th 2020, 10:41:13 pm: Writing to database /home/mboruc/bcs/notetaker/db/db.json
May 10th 2020, 10:41:13 pm: Reading database /home/mboruc/bcs/notetaker/db/db.json
May 10th 2020, 10:41:21 pm: Reading database /home/mboruc/bcs/notetaker/db/db.json
May 10th 2020, 10:41:21 pm: Writing to database /home/mboruc/bcs/notetaker/db/db.json
May 10th 2020, 10:41:21 pm: Reading database /home/mboruc/bcs/notetaker/db/db.json
May 10th 2020, 10:41:30 pm: Reading database /home/mboruc/bcs/notetaker/db/db.json
May 10th 2020, 10:41:30 pm: Writing to database /home/mboruc/bcs/notetaker/db/db.json
May 10th 2020, 10:41:30 pm: Reading database /home/mboruc/bcs/notetaker/db/db.json
May 10th 2020, 10:41:43 pm: Reading database /home/mboruc/bcs/notetaker/db/db.json
May 10th 2020, 10:41:43 pm: Deleting note id " + 1589116281
May 10th 2020, 10:41:43 pm: Writing to database /home/mboruc/bcs/notetaker/db/db.json
May 10th 2020, 10:41:43 pm: Reading database /home/mboruc/bcs/notetaker/db/db.json
May 10th 2020, 10:41:45 pm: Reading database /home/mboruc/bcs/notetaker/db/db.json
May 10th 2020, 10:41:45 pm: Deleting note id " + 1589116273
May 10th 2020, 10:41:45 pm: Writing to database /home/mboruc/bcs/notetaker/db/db.json
May 10th 2020, 10:41:45 pm: Reading database /home/mboruc/bcs/notetaker/db/db.json
May 10th 2020, 10:41:46 pm: Reading database /home/mboruc/bcs/notetaker/db/db.json
May 10th 2020, 10:41:46 pm: Deleting note id " + 1589116290
May 10th 2020, 10:41:46 pm: Writing to database /home/mboruc/bcs/notetaker/db/db.json
May 10th 2020, 10:41:46 pm: Reading database /home/mboruc/bcs/notetaker/db/db.json
May 10th 2020, 10:45:11 pm: Accessing /
May 10th 2020, 10:45:11 pm: Accessing /assets/js/index.js
May 10th 2020, 10:45:12 pm: Accessing /assets/js/index.js
May 10th 2020, 10:45:12 pm: Reading database /home/mboruc/bcs/notetaker/db/db.json
May 10th 2020, 10:45:13 pm: Accessing /notes
May 10th 2020, 10:45:13 pm: Accessing /assets/css/styles.css
May 10th 2020, 10:45:13 pm: Accessing /assets/js/index.js
May 10th 2020, 10:45:13 pm: Reading database /home/mboruc/bcs/notetaker/db/db.json
May 10th 2020, 10:45:15 pm: Accessing /notesdsad
May 10th 2020, 10:45:16 pm: Accessing /assets/js/index.js
May 10th 2020, 10:45:16 pm: Reading database /home/mboruc/bcs/notetaker/db/db.json
May 10th 2020, 10:45:17 pm: Accessing /notes
May 10th 2020, 10:45:17 pm: Accessing /assets/css/styles.css
May 10th 2020, 10:45:17 pm: Accessing /assets/js/index.js
May 10th 2020, 10:45:17 pm: Reading database /home/mboruc/bcs/notetaker/db/db.json
May 10th 2020, 10:45:21 pm: Reading database /home/mboruc/bcs/notetaker/db/db.json
May 10th 2020, 10:45:21 pm: Writing to database /home/mboruc/bcs/notetaker/db/db.json
May 10th 2020, 10:45:21 pm: Reading database /home/mboruc/bcs/notetaker/db/db.json
May 10th 2020, 10:45:22 pm: Reading database /home/mboruc/bcs/notetaker/db/db.json
May 10th 2020, 10:45:22 pm: Deleting note id " + 1589116521
May 10th 2020, 10:45:22 pm: Writing to database /home/mboruc/bcs/notetaker/db/db.json
May 10th 2020, 10:45:22 pm: Reading database /home/mboruc/bcs/notetaker/db/db.json
May 10th 2020, 10:45:30 pm: Accessing /dadkaidad7a87d67yd7a
May 10th 2020, 10:45:30 pm: Accessing /assets/js/index.js
May 10th 2020, 10:45:30 pm: Reading database /home/mboruc/bcs/notetaker/db/db.json
